[ 2015-12-04T23:21:23+08:00 ] ::1 /
INFO: [ app_init ] --START--
INFO: Run Behavior\BuildLiteBehavior [ RunTime:0.000022s ]
INFO: [ app_init ] --END-- [ RunTime:0.014996s ]
INFO: [ app_begin ] --START--
INFO: Run Behavior\ReadHtmlCacheBehavior [ RunTime:0.012006s ]
INFO: [ app_begin ] --END-- [ RunTime:0.012134s ]
SQL: SHOW COLUMNS FROM `sduw_goods` [ RunTime:0.0157s ]
SQL: SELECT DISTINCT  * FROM `sduw_goods` WHERE ( goodsCheck = '1' ) ORDER BY rand() LIMIT 12   [ RunTime:0.0158s ]
INFO: [ view_parse ] --START--
INFO: [ template_filter ] --START--
INFO: Run Behavior\ContentReplaceBehavior [ RunTime:0.000173s ]
INFO: [ template_filter ] --END-- [ RunTime:0.000604s ]
INFO: Run Behavior\ParseTemplateBehavior [ RunTime:0.085356s ]
INFO: [ view_parse ] --END-- [ RunTime:0.085494s ]
INFO: [ view_filter ] --START--
INFO: Run Behavior\WriteHtmlCacheBehavior [ RunTime:0.004611s ]
INFO: [ view_filter ] --END-- [ RunTime:0.004728s ]
INFO: [ app_end ] --START--
INFO: Run Behavior\ShowPageTraceBehavior [ RunTime:0.009538s ]
INFO: [ app_end ] --END-- [ RunTime:0.009678s ]

[ 2015-12-04T23:21:28+08:00 ] ::1 /index.php/Home/Index/goodsList.html
INFO: [ app_init ] --START--
INFO: Run Behavior\BuildLiteBehavior [ RunTime:0.000018s ]
INFO: [ app_init ] --END-- [ RunTime:0.000292s ]
INFO: [ app_begin ] --START--
INFO: Run Behavior\ReadHtmlCacheBehavior [ RunTime:0.000705s ]
INFO: [ app_begin ] --END-- [ RunTime:0.000823s ]
SQL: SHOW COLUMNS FROM `sduw_goods` [ RunTime:0.0176s ]
NOTIC: [8] Use of undefined constant int - assumed 'int' D:\wamp\www\Application\Home\Controller\IndexController.class.php 第 26 行.
SQL: SELECT * FROM `sduw_goods` WHERE ( goodsCheck = '1' ) ORDER BY goodsTime LIMIT 0,8   [ RunTime:0.0162s ]
SQL: SELECT COUNT(*) AS tp_count FROM `sduw_goods` WHERE ( goodsCheck = '1' ) LIMIT 1   [ RunTime:0.0147s ]
INFO: [ view_parse ] --START--
INFO: [ template_filter ] --START--
INFO: Run Behavior\ContentReplaceBehavior [ RunTime:0.000081s ]
INFO: [ template_filter ] --END-- [ RunTime:0.000288s ]
INFO: Run Behavior\ParseTemplateBehavior [ RunTime:0.009814s ]
INFO: [ view_parse ] --END-- [ RunTime:0.009932s ]
INFO: [ view_filter ] --START--
INFO: Run Behavior\WriteHtmlCacheBehavior [ RunTime:0.000325s ]
INFO: [ view_filter ] --END-- [ RunTime:0.000399s ]
INFO: [ app_end ] --START--
INFO: Run Behavior\ShowPageTraceBehavior [ RunTime:0.000554s ]
INFO: [ app_end ] --END-- [ RunTime:0.000645s ]

